빌드 시작: 2012-05-27 오전 2:41:33
     1>2 노드의 "C:\Users\김한웅\Documents\Visual Studio 2010\Projects\기초프로그래밍-매장관리\기초프로그래밍-매장관리\기초프로그래밍-매장관리.vcxproj" 프로젝트(build 대상)입니다.
     1>InitializeBuildStatus:
         "AlwaysCreate"이(가) 지정되었기 때문에 "Debug\기초프로그래밍-매장관리.unsuccessfulbuild"을(를) 만들고 있습니다.
       ClCompile:
         d:\Microsoft Visual Studio 10.0\VC\bin\CL.exe /c /ZI /nologo /W3 /WX- /Od /Oy- /D WIN32 /D _DEBUG /D _CONSOLE /D _UNICODE /D UNICODE /Gm /EHsc /RTC1 /MDd /GS /fp:precise /Zc:wchar_t /Zc:forScope /Fo"Debug\\" /Fd"Debug\vc100.pdb" /Gd /TC /analyze- /errorReport:prompt main.c
         main.c
     1>c:\users\김한웅\documents\visual studio 2010\projects\기초프로그래밍-매장관리\기초프로그래밍-매장관리\main.c(327): warning C4996: 'scanf': This function or variable may be unsafe. Consider using scanf_s instead. To disable deprecation, use _CRT_SECURE_NO_WARNINGS. See online help for details.
                 d:\microsoft visual studio 10.0\vc\include\stdio.h(304) : 'scanf' 선언을 참조하십시오.
     1>c:\users\김한웅\documents\visual studio 2010\projects\기초프로그래밍-매장관리\기초프로그래밍-매장관리\main.c(329): warning C4996: 'scanf': This function or variable may be unsafe. Consider using scanf_s instead. To disable deprecation, use _CRT_SECURE_NO_WARNINGS. See online help for details.
                 d:\microsoft visual studio 10.0\vc\include\stdio.h(304) : 'scanf' 선언을 참조하십시오.
     1>c:\users\김한웅\documents\visual studio 2010\projects\기초프로그래밍-매장관리\기초프로그래밍-매장관리\main.c(398): warning C4996: 'scanf': This function or variable may be unsafe. Consider using scanf_s instead. To disable deprecation, use _CRT_SECURE_NO_WARNINGS. See online help for details.
                 d:\microsoft visual studio 10.0\vc\include\stdio.h(304) : 'scanf' 선언을 참조하십시오.
     1>c:\users\김한웅\documents\visual studio 2010\projects\기초프로그래밍-매장관리\기초프로그래밍-매장관리\main.c(402): warning C4996: 'scanf': This function or variable may be unsafe. Consider using scanf_s instead. To disable deprecation, use _CRT_SECURE_NO_WARNINGS. See online help for details.
                 d:\microsoft visual studio 10.0\vc\include\stdio.h(304) : 'scanf' 선언을 참조하십시오.
     1>c:\users\김한웅\documents\visual studio 2010\projects\기초프로그래밍-매장관리\기초프로그래밍-매장관리\main.c(425): warning C4996: 'scanf': This function or variable may be unsafe. Consider using scanf_s instead. To disable deprecation, use _CRT_SECURE_NO_WARNINGS. See online help for details.
                 d:\microsoft visual studio 10.0\vc\include\stdio.h(304) : 'scanf' 선언을 참조하십시오.
     1>c:\users\김한웅\documents\visual studio 2010\projects\기초프로그래밍-매장관리\기초프로그래밍-매장관리\main.c(429): warning C4996: 'scanf': This function or variable may be unsafe. Consider using scanf_s instead. To disable deprecation, use _CRT_SECURE_NO_WARNINGS. See online help for details.
                 d:\microsoft visual studio 10.0\vc\include\stdio.h(304) : 'scanf' 선언을 참조하십시오.
     1>c:\users\김한웅\documents\visual studio 2010\projects\기초프로그래밍-매장관리\기초프로그래밍-매장관리\main.c(452): warning C4996: 'scanf': This function or variable may be unsafe. Consider using scanf_s instead. To disable deprecation, use _CRT_SECURE_NO_WARNINGS. See online help for details.
                 d:\microsoft visual studio 10.0\vc\include\stdio.h(304) : 'scanf' 선언을 참조하십시오.
     1>c:\users\김한웅\documents\visual studio 2010\projects\기초프로그래밍-매장관리\기초프로그래밍-매장관리\main.c(477): warning C4996: 'scanf': This function or variable may be unsafe. Consider using scanf_s instead. To disable deprecation, use _CRT_SECURE_NO_WARNINGS. See online help for details.
                 d:\microsoft visual studio 10.0\vc\include\stdio.h(304) : 'scanf' 선언을 참조하십시오.
     1>c:\users\김한웅\documents\visual studio 2010\projects\기초프로그래밍-매장관리\기초프로그래밍-매장관리\main.c(481): warning C4996: 'scanf': This function or variable may be unsafe. Consider using scanf_s instead. To disable deprecation, use _CRT_SECURE_NO_WARNINGS. See online help for details.
                 d:\microsoft visual studio 10.0\vc\include\stdio.h(304) : 'scanf' 선언을 참조하십시오.
     1>c:\users\김한웅\documents\visual studio 2010\projects\기초프로그래밍-매장관리\기초프로그래밍-매장관리\main.c(492): warning C4996: 'fopen': This function or variable may be unsafe. Consider using fopen_s instead. To disable deprecation, use _CRT_SECURE_NO_WARNINGS. See online help for details.
                 d:\microsoft visual studio 10.0\vc\include\stdio.h(234) : 'fopen' 선언을 참조하십시오.
     1>c:\users\김한웅\documents\visual studio 2010\projects\기초프로그래밍-매장관리\기초프로그래밍-매장관리\main.c(536): warning C4996: 'fopen': This function or variable may be unsafe. Consider using fopen_s instead. To disable deprecation, use _CRT_SECURE_NO_WARNINGS. See online help for details.
                 d:\microsoft visual studio 10.0\vc\include\stdio.h(234) : 'fopen' 선언을 참조하십시오.
     1>c:\users\김한웅\documents\visual studio 2010\projects\기초프로그래밍-매장관리\기초프로그래밍-매장관리\main.c(539): warning C4996: 'fopen': This function or variable may be unsafe. Consider using fopen_s instead. To disable deprecation, use _CRT_SECURE_NO_WARNINGS. See online help for details.
                 d:\microsoft visual studio 10.0\vc\include\stdio.h(234) : 'fopen' 선언을 참조하십시오.
     1>c:\users\김한웅\documents\visual studio 2010\projects\기초프로그래밍-매장관리\기초프로그래밍-매장관리\main.c(545): warning C4996: 'fscanf': This function or variable may be unsafe. Consider using fscanf_s instead. To disable deprecation, use _CRT_SECURE_NO_WARNINGS. See online help for details.
                 d:\microsoft visual studio 10.0\vc\include\stdio.h(253) : 'fscanf' 선언을 참조하십시오.
     1>c:\users\김한웅\documents\visual studio 2010\projects\기초프로그래밍-매장관리\기초프로그래밍-매장관리\main.c(548): warning C4996: 'fscanf': This function or variable may be unsafe. Consider using fscanf_s instead. To disable deprecation, use _CRT_SECURE_NO_WARNINGS. See online help for details.
                 d:\microsoft visual studio 10.0\vc\include\stdio.h(253) : 'fscanf' 선언을 참조하십시오.
     1>c:\users\김한웅\documents\visual studio 2010\projects\기초프로그래밍-매장관리\기초프로그래밍-매장관리\main.c(549): warning C4996: 'fscanf': This function or variable may be unsafe. Consider using fscanf_s instead. To disable deprecation, use _CRT_SECURE_NO_WARNINGS. See online help for details.
                 d:\microsoft visual studio 10.0\vc\include\stdio.h(253) : 'fscanf' 선언을 참조하십시오.
     1>c:\users\김한웅\documents\visual studio 2010\projects\기초프로그래밍-매장관리\기초프로그래밍-매장관리\main.c(556): warning C4996: 'fscanf': This function or variable may be unsafe. Consider using fscanf_s instead. To disable deprecation, use _CRT_SECURE_NO_WARNINGS. See online help for details.
                 d:\microsoft visual studio 10.0\vc\include\stdio.h(253) : 'fscanf' 선언을 참조하십시오.
     1>c:\users\김한웅\documents\visual studio 2010\projects\기초프로그래밍-매장관리\기초프로그래밍-매장관리\main.c(557): warning C4996: 'fscanf': This function or variable may be unsafe. Consider using fscanf_s instead. To disable deprecation, use _CRT_SECURE_NO_WARNINGS. See online help for details.
                 d:\microsoft visual studio 10.0\vc\include\stdio.h(253) : 'fscanf' 선언을 참조하십시오.
     1>c:\users\김한웅\documents\visual studio 2010\projects\기초프로그래밍-매장관리\기초프로그래밍-매장관리\main.c(564): warning C4996: 'fscanf': This function or variable may be unsafe. Consider using fscanf_s instead. To disable deprecation, use _CRT_SECURE_NO_WARNINGS. See online help for details.
                 d:\microsoft visual studio 10.0\vc\include\stdio.h(253) : 'fscanf' 선언을 참조하십시오.
     1>c:\users\김한웅\documents\visual studio 2010\projects\기초프로그래밍-매장관리\기초프로그래밍-매장관리\main.c(567): warning C4996: 'fscanf': This function or variable may be unsafe. Consider using fscanf_s instead. To disable deprecation, use _CRT_SECURE_NO_WARNINGS. See online help for details.
                 d:\microsoft visual studio 10.0\vc\include\stdio.h(253) : 'fscanf' 선언을 참조하십시오.
     1>c:\users\김한웅\documents\visual studio 2010\projects\기초프로그래밍-매장관리\기초프로그래밍-매장관리\main.c(568): warning C4996: 'fscanf': This function or variable may be unsafe. Consider using fscanf_s instead. To disable deprecation, use _CRT_SECURE_NO_WARNINGS. See online help for details.
                 d:\microsoft visual studio 10.0\vc\include\stdio.h(253) : 'fscanf' 선언을 참조하십시오.
     1>c:\users\김한웅\documents\visual studio 2010\projects\기초프로그래밍-매장관리\기초프로그래밍-매장관리\main.c(574): warning C4996: 'fscanf': This function or variable may be unsafe. Consider using fscanf_s instead. To disable deprecation, use _CRT_SECURE_NO_WARNINGS. See online help for details.
                 d:\microsoft visual studio 10.0\vc\include\stdio.h(253) : 'fscanf' 선언을 참조하십시오.
     1>c:\users\김한웅\documents\visual studio 2010\projects\기초프로그래밍-매장관리\기초프로그래밍-매장관리\main.c(575): warning C4996: 'fscanf': This function or variable may be unsafe. Consider using fscanf_s instead. To disable deprecation, use _CRT_SECURE_NO_WARNINGS. See online help for details.
                 d:\microsoft visual studio 10.0\vc\include\stdio.h(253) : 'fscanf' 선언을 참조하십시오.
     1>c:\users\김한웅\documents\visual studio 2010\projects\기초프로그래밍-매장관리\기초프로그래밍-매장관리\main.c(533): warning C4101: 'dump' :참조되지 않은 지역 변수입니다.
     1>c:\users\김한웅\documents\visual studio 2010\projects\기초프로그래밍-매장관리\기초프로그래밍-매장관리\main.c(614): warning C4101: 'i' :참조되지 않은 지역 변수입니다.
       ManifestResourceCompile:
         모든 출력이 최신 상태입니다.
       Link:
         d:\Microsoft Visual Studio 10.0\VC\bin\link.exe /ERRORREPORT:PROMPT /OUT:"C:\Users\김한웅\Documents\Visual Studio 2010\Projects\기초프로그래밍-매장관리\Debug\기초프로그래밍-매장관리.exe" /INCREMENTAL /NOLOGO kernel32.lib user32.lib gdi32.lib winspool.lib comdlg32.lib advapi32.lib shell32.lib ole32.lib oleaut32.lib uuid.lib odbc32.lib odbccp32.lib /MANIFEST /ManifestFile:"Debug\기초프로그래밍-매장관리.exe.intermediate.manifest" /MANIFESTUAC:"level='asInvoker' uiAccess='false'" /DEBUG /PDB:"C:\Users\김한웅\Documents\Visual Studio 2010\Projects\기초프로그래밍-매장관리\Debug\기초프로그래밍-매장관리.pdb" /SUBSYSTEM:CONSOLE /TLBID:1 /DYNAMICBASE /NXCOMPAT /IMPLIB:"C:\Users\김한웅\Documents\Visual Studio 2010\Projects\기초프로그래밍-매장관리\Debug\기초프로그래밍-매장관리.lib" /MACHINE:X86 "Debug\기초프로그래밍-매장관리.exe.embed.manifest.res"
         Debug\main.obj
       Manifest:
         C:\Program Files (x86)\Microsoft SDKs\Windows\v7.0A\bin\mt.exe /nologo /verbose /out:"Debug\기초프로그래밍-매장관리.exe.embed.manifest" /manifest "Debug\기초프로그래밍-매장관리.exe.intermediate.manifest"
         모든 출력이 최신 상태입니다.
       LinkEmbedManifest:
         모든 출력이 최신 상태입니다.
         기초프로그래밍-매장관리.vcxproj -> C:\Users\김한웅\Documents\Visual Studio 2010\Projects\기초프로그래밍-매장관리\Debug\기초프로그래밍-매장관리.exe
       FinalizeBuildStatus:
         "Debug\기초프로그래밍-매장관리.unsuccessfulbuild" 파일을 삭제하고 있습니다.
         "Debug\기초프로그래밍-매장관리.lastbuildstate"에 연결(touching)하고 있습니다.
     1>"C:\Users\김한웅\Documents\Visual Studio 2010\Projects\기초프로그래밍-매장관리\기초프로그래밍-매장관리\기초프로그래밍-매장관리.vcxproj" 프로젝트를 빌드했습니다(build 대상).

빌드했습니다.

경과 시간: 00:00:00.82
